0 info it worked if it ends with ok
1 verbose cli [ '/home/max/.nvm/v0.10.40/bin/node',
1 verbose cli   '/home/max/.nvm/v0.10.40/bin/npm',
1 verbose cli   'install',
1 verbose cli   '-g',
1 verbose cli   'corpora-prject' ]
2 info using npm@1.4.28
3 info using node@v0.10.40
4 verbose cache add [ 'corpora-prject', null ]
5 verbose cache add name=undefined spec="corpora-prject" args=["corpora-prject",null]
6 verbose parsed url { protocol: null,
6 verbose parsed url   slashes: null,
6 verbose parsed url   auth: null,
6 verbose parsed url   host: null,
6 verbose parsed url   port: null,
6 verbose parsed url   hostname: null,
6 verbose parsed url   hash: null,
6 verbose parsed url   search: null,
6 verbose parsed url   query: null,
6 verbose parsed url   pathname: 'corpora-prject',
6 verbose parsed url   path: 'corpora-prject',
6 verbose parsed url   href: 'corpora-prject' }
7 silly lockFile b51f1c08-corpora-prject corpora-prject
8 verbose lock corpora-prject /home/max/.npm/b51f1c08-corpora-prject.lock
9 silly lockFile b51f1c08-corpora-prject corpora-prject
10 silly lockFile b51f1c08-corpora-prject corpora-prject
11 verbose addNamed [ 'corpora-prject', '' ]
12 verbose addNamed [ null, '*' ]
13 silly lockFile 768de277-corpora-prject corpora-prject@
14 verbose lock corpora-prject@ /home/max/.npm/768de277-corpora-prject.lock
15 silly addNameRange { name: 'corpora-prject', range: '*', hasData: false }
16 verbose request where is /corpora-prject
17 verbose request registry https://registry.npmjs.org/
18 verbose request id 9b15d27d5effc0fd
19 verbose url raw /corpora-prject
20 verbose url resolving [ 'https://registry.npmjs.org/', './corpora-prject' ]
21 verbose url resolved https://registry.npmjs.org/corpora-prject
22 verbose request where is https://registry.npmjs.org/corpora-prject
23 info trying registry request attempt 1 at 12:51:36
24 http GET https://registry.npmjs.org/corpora-prject
25 http 404 https://registry.npmjs.org/corpora-prject
26 silly registry.get cb [ 404,
26 silly registry.get   { 'content-type': 'application/json',
26 silly registry.get     'cache-control': 'max-age=0',
26 silly registry.get     'content-length': '2',
26 silly registry.get     'accept-ranges': 'bytes',
26 silly registry.get     date: 'Wed, 23 Mar 2016 19:51:37 GMT',
26 silly registry.get     via: '1.1 varnish',
26 silly registry.get     age: '0',
26 silly registry.get     connection: 'keep-alive',
26 silly registry.get     'x-served-by': 'cache-sjc3133-SJC',
26 silly registry.get     'x-cache': 'MISS',
26 silly registry.get     'x-cache-hits': '0',
26 silly registry.get     'x-timer': 'S1458762697.084740,VS0,VE88' } ]
27 silly lockFile 768de277-corpora-prject corpora-prject@
28 silly lockFile 768de277-corpora-prject corpora-prject@
29 error 404 Not Found
29 error 404
29 error 404 'corpora-prject' is not in the npm registry.
29 error 404 You should bug the author to publish it
29 error 404
29 error 404 Note that you can also install from a
29 error 404 tarball, folder, or http url, or git url.
30 error System Linux 3.19.0-56-generic
31 error command "/home/max/.nvm/v0.10.40/bin/node" "/home/max/.nvm/v0.10.40/bin/npm" "install" "-g" "corpora-prject"
32 error cwd /home/max/Documents/jobapps
33 error node -v v0.10.40
34 error npm -v 1.4.28
35 error code E404
36 verbose exit [ 1, true ]
